<?xml version="1.0" encoding="UTF-8"?>
<!-- Generated by org.testng.reporters.JUnitXMLReporter -->
<testsuite ignored="3" hostname="Mitul" failures="0" tests="1" name="tutorialsninja-sw-5" time="22.087" errors="0" timestamp="2023-12-12T21:56:30 GMT">
  <testcase classname="com.tutorialsninja.demo.testsuite.DesktopsTest" name="verifyProduct2AddedToShoppingCartSuccessFully" time="9.167"/>
  <testcase classname="com.tutorialsninja.demo.testsuite.DesktopsTest" name="verifyProductArrangeInAlphabeticalOrder" time="0.0">
    <ignored/>
  </testcase> <!-- verifyProductArrangeInAlphabeticalOrder -->
  <testcase classname="com.tutorialsninja.demo.testsuite.DesktopsTest" name="verifyProduct3AddedToShoppingCartSuccessFully" time="0.0">
    <ignored/>
  </testcase> <!-- verifyProduct3AddedToShoppingCartSuccessFully -->
  <testcase classname="com.tutorialsninja.demo.testsuite.DesktopsTest" name="verifyProduct1AddedToShoppingCartSuccessFully" time="0.0">
    <ignored/>
  </testcase> <!-- verifyProduct1AddedToShoppingCartSuccessFully -->
</testsuite> <!-- tutorialsninja-sw-5 -->
